Terminals unused in grammar

    YYTOKEN_SCENE
    YYTOKEN_CHILDREN
    YYTOKEN_SKIN
    YYTOKEN_MATRIX
    YYTOKEN_MESH
    YYTOKEN_ROTATION
    YYTOKEN_SCALE
    YYTOKEN_TRANSLATION
    YYTOKEN_WEIGHTS
    PSEUDO_LEX_ERROR


Grammar

    0 $accept: gltf_object $end

    1 gltf_object: YYTOKEN_LEFTBRACE gltf_members YYTOKEN_RIGHTBRACE

    2 gltf_members: gltf_members YYTOKEN_COMMA gltf_member
    3             | gltf_member

    4 gltf_member: YYTOKEN_ASSET YYTOKEN_COLON asset_object
    5            | YYTOKEN_SCENES YYTOKEN_COLON scenes_array
    6            | YYTOKEN_NODES YYTOKEN_COLON nodes_array

    7 asset_object: YYTOKEN_LEFTBRACE asset_members YYTOKEN_RIGHTBRACE

    8 asset_members: asset_members YYTOKEN_COMMA asset_member
    9              | asset_member

   10 asset_member: YYTOKEN_COPYRIGHT YYTOKEN_COLON string_value
   11             | YYTOKEN_GENERATOR YYTOKEN_COLON string_value
   12             | YYTOKEN_VERSION YYTOKEN_COLON string_value
   13             | YYTOKEN_MINVERSION YYTOKEN_COLON string_value
   14             | YYTOKEN_EXTRAS YYTOKEN_COLON json_value

   15 scenes_array: YYTOKEN_LEFTBRACKET scene_objects YYTOKEN_RIGHTBRACKET
   16             | YYTOKEN_LEFTBRACKET YYTOKEN_RIGHTBRACKET

   17 scene_objects: scene_objects YYTOKEN_COMMA scene_object
   18              | scene_object

   19 scene_object: scene_members YYTOKEN_COMMA scene_member

   20 scene_members: scene_member

   21 scene_member: YYTOKEN_NODES YYTOKEN_COLON scene_nodes

   22 scene_nodes: YYTOKEN_LEFTBRACKET scene_root_node_indices YYTOKEN_RIGHTBRACKET
   23            | YYTOKEN_LEFTBRACKET YYTOKEN_RIGHTBRACKET

   24 scene_root_node_indices: scene_root_node_indices YYTOKEN_COMMA YYTOKEN_NUMBER_INT
   25                        | YYTOKEN_NUMBER_INT

   26 scene_member: YYTOKEN_NAME YYTOKEN_COLON string_value
   27             | YYTOKEN_EXTRAS YYTOKEN_COLON json_value

   28 nodes_array: YYTOKEN_LEFTBRACKET node_objects YYTOKEN_RIGHTBRACKET
   29            | YYTOKEN_LEFTBRACKET YYTOKEN_RIGHTBRACKET

   30 node_objects: node_objects YYTOKEN_COMMA node_object
   31             | node_object

   32 node_object: node_members YYTOKEN_COMMA node_member

   33 node_members: node_member

   34 node_member: YYTOKEN_CAMERA YYTOKEN_COLON YYTOKEN_NUMBER_INT

   35 string_value: YYTOKEN_STRING
   36             | YYTOKEN_ASSET
   37             | YYTOKEN_COPYRIGHT
   38             | YYTOKEN_GENERATOR
   39             | YYTOKEN_VERSION
   40             | YYTOKEN_MINVERSION
   41             | YYTOKEN_EXTENSIONS
   42             | YYTOKEN_EXTRAS
   43             | YYTOKEN_SCENES
   44             | YYTOKEN_NODES
   45             | YYTOKEN_NAME

   46 json_value: json_object
   47           | json_array
   48           | YYTOKEN_STRING
   49           | YYTOKEN_NUMBER_INT
   50           | YYTOKEN_NUMBER_FLOAT
   51           | YYTOKEN_TRUE
   52           | YYTOKEN_FALSE
   53           | YYTOKEN_NULL

   54 json_object: YYTOKEN_LEFTBRACE json_members YYTOKEN_RIGHTBRACE
   55            | YYTOKEN_LEFTBRACE YYTOKEN_RIGHTBRACE

   56 json_members: json_members YYTOKEN_COMMA json_member
   57             | json_member

   58 json_member: YYTOKEN_STRING YYTOKEN_COLON json_value

   59 json_array: YYTOKEN_LEFTBRACKET json_elements YYTOKEN_RIGHTBRACKET
   60           | YYTOKEN_LEFTBRACKET YYTOKEN_RIGHTBRACKET

   61 json_elements: json_elements YYTOKEN_COMMA json_element
   62              | json_element

   63 json_element: json_value


Terminals, with rules where they appear

    $end (0) 0
    error (256)
    YYTOKEN_ASSET (258) 4 36
    YYTOKEN_COPYRIGHT (259) 10 37
    YYTOKEN_GENERATOR (260) 11 38
    YYTOKEN_VERSION (261) 12 39
    YYTOKEN_MINVERSION (262) 13 40
    YYTOKEN_EXTENSIONS (263) 41
    YYTOKEN_EXTRAS (264) 14 27 42
    YYTOKEN_SCENE (265)
    YYTOKEN_SCENES (266) 5 43
    YYTOKEN_NODES (267) 6 21 44
    YYTOKEN_NAME (268) 26 45
    YYTOKEN_CAMERA (269) 34
    YYTOKEN_CHILDREN (270)
    YYTOKEN_SKIN (271)
    YYTOKEN_MATRIX (272)
    YYTOKEN_MESH (273)
    YYTOKEN_ROTATION (274)
    YYTOKEN_SCALE (275)
    YYTOKEN_TRANSLATION (276)
    YYTOKEN_WEIGHTS (277)
    YYTOKEN_TRUE (278) 51
    YYTOKEN_FALSE (279) 52
    YYTOKEN_NULL (280) 53
    YYTOKEN_LEFTBRACE (281) 1 7 54 55
    YYTOKEN_RIGHTBRACE (282) 1 7 54 55
    YYTOKEN_COLON (283) 4 5 6 10 11 12 13 14 21 26 27 34 58
    YYTOKEN_LEFTBRACKET (284) 15 16 22 23 28 29 59 60
    YYTOKEN_RIGHTBRACKET (285) 15 16 22 23 28 29 59 60
    YYTOKEN_COMMA (286) 2 8 17 19 24 30 32 56 61
    YYTOKEN_STRING <_stdstring> (287) 35 48 58
    YYTOKEN_NUMBER_INT <_valueint> (288) 24 25 34 49
    YYTOKEN_NUMBER_FLOAT <_valuefloat> (289) 50
    PSEUDO_LEX_ERROR (290)


Nonterminals, with rules where they appear

    $accept (36)
        on left: 0
    gltf_object <m_json_object> (37)
        on left: 1
        on right: 0
    gltf_members <m_json_object> (38)
        on left: 2 3
        on right: 1 2
    gltf_member <m_json_object> (39)
        on left: 4 5 6
        on right: 2 3
    asset_object <m_json_object> (40)
        on left: 7
        on right: 4
    asset_members <m_json_object> (41)
        on left: 8 9
        on right: 7 8
    asset_member <m_json_object> (42)
        on left: 10 11 12 13 14
        on right: 8 9
    scenes_array <m_json_object> (43)
        on left: 15 16
        on right: 5
    scene_objects <m_json_object> (44)
        on left: 17 18
        on right: 15 17
    scene_object <m_json_object> (45)
        on left: 19
        on right: 17 18
    scene_members <m_json_object> (46)
        on left: 20
        on right: 19
    scene_member <m_json_object> (47)
        on left: 21 26 27
        on right: 19 20
    scene_nodes <m_json_object> (48)
        on left: 22 23
        on right: 21
    scene_root_node_indices <m_json_object> (49)
        on left: 24 25
        on right: 22 24
    nodes_array <m_json_object> (50)
        on left: 28 29
        on right: 6
    node_objects <m_json_object> (51)
        on left: 30 31
        on right: 28 30
    node_object <m_json_object> (52)
        on left: 32
        on right: 30 31
    node_members <m_json_object> (53)
        on left: 33
        on right: 32
    node_member <m_json_object> (54)
        on left: 34
        on right: 32 33
    string_value <m_json_object> (55)
        on left: 35 36 37 38 39 40 41 42 43 44 45
        on right: 10 11 12 13 26
    json_value <m_json_value> (56)
        on left: 46 47 48 49 50 51 52 53
        on right: 14 27 58 63
    json_object <m_json_value> (57)
        on left: 54 55
        on right: 46
    json_members <m_json_value> (58)
        on left: 56 57
        on right: 54 56
    json_member <m_json_member> (59)
        on left: 58
        on right: 56 57
    json_array <m_json_value> (60)
        on left: 59 60
        on right: 47
    json_elements <m_json_value> (61)
        on left: 61 62
        on right: 59 61
    json_element <m_json_value> (62)
        on left: 63
        on right: 61 62


State 0

    0 $accept: • gltf_object $end
    1 gltf_object: • YYTOKEN_LEFTBRACE gltf_members YYTOKEN_RIGHTBRACE

    YYTOKEN_LEFTBRACE  shift, and go to state 1

    gltf_object  go to state 2


State 1

    1 gltf_object: YYTOKEN_LEFTBRACE • gltf_members YYTOKEN_RIGHTBRACE
    2 gltf_members: • gltf_members YYTOKEN_COMMA gltf_member
    3             | • gltf_member
    4 gltf_member: • YYTOKEN_ASSET YYTOKEN_COLON asset_object
    5            | • YYTOKEN_SCENES YYTOKEN_COLON scenes_array
    6            | • YYTOKEN_NODES YYTOKEN_COLON nodes_array

    YYTOKEN_ASSET   shift, and go to state 3
    YYTOKEN_SCENES  shift, and go to state 4
    YYTOKEN_NODES   shift, and go to state 5

    gltf_members  go to state 6
    gltf_member   go to state 7


State 2

    0 $accept: gltf_object • $end

    $end  shift, and go to state 8


State 3

    4 gltf_member: YYTOKEN_ASSET • YYTOKEN_COLON asset_object

    YYTOKEN_COLON  shift, and go to state 9


State 4

    5 gltf_member: YYTOKEN_SCENES • YYTOKEN_COLON scenes_array

    YYTOKEN_COLON  shift, and go to state 10


State 5

    6 gltf_member: YYTOKEN_NODES • YYTOKEN_COLON nodes_array

    YYTOKEN_COLON  shift, and go to state 11


State 6

    1 gltf_object: YYTOKEN_LEFTBRACE gltf_members • YYTOKEN_RIGHTBRACE
    2 gltf_members: gltf_members • YYTOKEN_COMMA gltf_member

    YYTOKEN_RIGHTBRACE  shift, and go to state 12
    YYTOKEN_COMMA       shift, and go to state 13


State 7

    3 gltf_members: gltf_member •

    $default  reduce using rule 3 (gltf_members)


State 8

    0 $accept: gltf_object $end •

    $default  accept


State 9

    4 gltf_member: YYTOKEN_ASSET YYTOKEN_COLON • asset_object
    7 asset_object: • YYTOKEN_LEFTBRACE asset_members YYTOKEN_RIGHTBRACE

    YYTOKEN_LEFTBRACE  shift, and go to state 14

    asset_object  go to state 15


State 10

    5 gltf_member: YYTOKEN_SCENES YYTOKEN_COLON • scenes_array
   15 scenes_array: • YYTOKEN_LEFTBRACKET scene_objects YYTOKEN_RIGHTBRACKET
   16             | • YYTOKEN_LEFTBRACKET YYTOKEN_RIGHTBRACKET

    YYTOKEN_LEFTBRACKET  shift, and go to state 16

    scenes_array  go to state 17


State 11

    6 gltf_member: YYTOKEN_NODES YYTOKEN_COLON • nodes_array
   28 nodes_array: • YYTOKEN_LEFTBRACKET node_objects YYTOKEN_RIGHTBRACKET
   29            | • YYTOKEN_LEFTBRACKET YYTOKEN_RIGHTBRACKET

    YYTOKEN_LEFTBRACKET  shift, and go to state 18

    nodes_array  go to state 19


State 12

    1 gltf_object: YYTOKEN_LEFTBRACE gltf_members YYTOKEN_RIGHTBRACE •

    $default  reduce using rule 1 (gltf_object)


State 13

    2 gltf_members: gltf_members YYTOKEN_COMMA • gltf_member
    4 gltf_member: • YYTOKEN_ASSET YYTOKEN_COLON asset_object
    5            | • YYTOKEN_SCENES YYTOKEN_COLON scenes_array
    6            | • YYTOKEN_NODES YYTOKEN_COLON nodes_array

    YYTOKEN_ASSET   shift, and go to state 3
    YYTOKEN_SCENES  shift, and go to state 4
    YYTOKEN_NODES   shift, and go to state 5

    gltf_member  go to state 20


State 14

    7 asset_object: YYTOKEN_LEFTBRACE • asset_members YYTOKEN_RIGHTBRACE
    8 asset_members: • asset_members YYTOKEN_COMMA asset_member
    9              | • asset_member
   10 asset_member: • YYTOKEN_COPYRIGHT YYTOKEN_COLON string_value
   11             | • YYTOKEN_GENERATOR YYTOKEN_COLON string_value
   12             | • YYTOKEN_VERSION YYTOKEN_COLON string_value
   13             | • YYTOKEN_MINVERSION YYTOKEN_COLON string_value
   14             | • YYTOKEN_EXTRAS YYTOKEN_COLON json_value

    YYTOKEN_COPYRIGHT   shift, and go to state 21
    YYTOKEN_GENERATOR   shift, and go to state 22
    YYTOKEN_VERSION     shift, and go to state 23
    YYTOKEN_MINVERSION  shift, and go to state 24
    YYTOKEN_EXTRAS      shift, and go to state 25

    asset_members  go to state 26
    asset_member   go to state 27


State 15

    4 gltf_member: YYTOKEN_ASSET YYTOKEN_COLON asset_object •

    $default  reduce using rule 4 (gltf_member)


State 16

   15 scenes_array: YYTOKEN_LEFTBRACKET • scene_objects YYTOKEN_RIGHTBRACKET
   16             | YYTOKEN_LEFTBRACKET • YYTOKEN_RIGHTBRACKET
   17 scene_objects: • scene_objects YYTOKEN_COMMA scene_object
   18              | • scene_object
   19 scene_object: • scene_members YYTOKEN_COMMA scene_member
   20 scene_members: • scene_member
   21 scene_member: • YYTOKEN_NODES YYTOKEN_COLON scene_nodes
   26             | • YYTOKEN_NAME YYTOKEN_COLON string_value
   27             | • YYTOKEN_EXTRAS YYTOKEN_COLON json_value

    YYTOKEN_EXTRAS        shift, and go to state 28
    YYTOKEN_NODES         shift, and go to state 29
    YYTOKEN_NAME          shift, and go to state 30
    YYTOKEN_RIGHTBRACKET  shift, and go to state 31

    scene_objects  go to state 32
    scene_object   go to state 33
    scene_members  go to state 34
    scene_member   go to state 35


State 17

    5 gltf_member: YYTOKEN_SCENES YYTOKEN_COLON scenes_array •

    $default  reduce using rule 5 (gltf_member)


State 18

   28 nodes_array: YYTOKEN_LEFTBRACKET • node_objects YYTOKEN_RIGHTBRACKET
   29            | YYTOKEN_LEFTBRACKET • YYTOKEN_RIGHTBRACKET
   30 node_objects: • node_objects YYTOKEN_COMMA node_object
   31             | • node_object
   32 node_object: • node_members YYTOKEN_COMMA node_member
   33 node_members: • node_member
   34 node_member: • YYTOKEN_CAMERA YYTOKEN_COLON YYTOKEN_NUMBER_INT

    YYTOKEN_CAMERA        shift, and go to state 36
    YYTOKEN_RIGHTBRACKET  shift, and go to state 37

    node_objects  go to state 38
    node_object   go to state 39
    node_members  go to state 40
    node_member   go to state 41


State 19

    6 gltf_member: YYTOKEN_NODES YYTOKEN_COLON nodes_array •

    $default  reduce using rule 6 (gltf_member)


State 20

    2 gltf_members: gltf_members YYTOKEN_COMMA gltf_member •

    $default  reduce using rule 2 (gltf_members)


State 21

   10 asset_member: YYTOKEN_COPYRIGHT • YYTOKEN_COLON string_value

    YYTOKEN_COLON  shift, and go to state 42


State 22

   11 asset_member: YYTOKEN_GENERATOR • YYTOKEN_COLON string_value

    YYTOKEN_COLON  shift, and go to state 43


State 23

   12 asset_member: YYTOKEN_VERSION • YYTOKEN_COLON string_value

    YYTOKEN_COLON  shift, and go to state 44


State 24

   13 asset_member: YYTOKEN_MINVERSION • YYTOKEN_COLON string_value

    YYTOKEN_COLON  shift, and go to state 45


State 25

   14 asset_member: YYTOKEN_EXTRAS • YYTOKEN_COLON json_value

    YYTOKEN_COLON  shift, and go to state 46


State 26

    7 asset_object: YYTOKEN_LEFTBRACE asset_members • YYTOKEN_RIGHTBRACE
    8 asset_members: asset_members • YYTOKEN_COMMA asset_member

    YYTOKEN_RIGHTBRACE  shift, and go to state 47
    YYTOKEN_COMMA       shift, and go to state 48


State 27

    9 asset_members: asset_member •

    $default  reduce using rule 9 (asset_members)


State 28

   27 scene_member: YYTOKEN_EXTRAS • YYTOKEN_COLON json_value

    YYTOKEN_COLON  shift, and go to state 49


State 29

   21 scene_member: YYTOKEN_NODES • YYTOKEN_COLON scene_nodes

    YYTOKEN_COLON  shift, and go to state 50


State 30

   26 scene_member: YYTOKEN_NAME • YYTOKEN_COLON string_value

    YYTOKEN_COLON  shift, and go to state 51


State 31

   16 scenes_array: YYTOKEN_LEFTBRACKET YYTOKEN_RIGHTBRACKET •

    $default  reduce using rule 16 (scenes_array)


State 32

   15 scenes_array: YYTOKEN_LEFTBRACKET scene_objects • YYTOKEN_RIGHTBRACKET
   17 scene_objects: scene_objects • YYTOKEN_COMMA scene_object

    YYTOKEN_RIGHTBRACKET  shift, and go to state 52
    YYTOKEN_COMMA         shift, and go to state 53


State 33

   18 scene_objects: scene_object •

    $default  reduce using rule 18 (scene_objects)


State 34

   19 scene_object: scene_members • YYTOKEN_COMMA scene_member

    YYTOKEN_COMMA  shift, and go to state 54


State 35

   20 scene_members: scene_member •

    $default  reduce using rule 20 (scene_members)


State 36

   34 node_member: YYTOKEN_CAMERA • YYTOKEN_COLON YYTOKEN_NUMBER_INT

    YYTOKEN_COLON  shift, and go to state 55


State 37

   29 nodes_array: YYTOKEN_LEFTBRACKET YYTOKEN_RIGHTBRACKET •

    $default  reduce using rule 29 (nodes_array)


State 38

   28 nodes_array: YYTOKEN_LEFTBRACKET node_objects • YYTOKEN_RIGHTBRACKET
   30 node_objects: node_objects • YYTOKEN_COMMA node_object

    YYTOKEN_RIGHTBRACKET  shift, and go to state 56
    YYTOKEN_COMMA         shift, and go to state 57


State 39

   31 node_objects: node_object •

    $default  reduce using rule 31 (node_objects)


State 40

   32 node_object: node_members • YYTOKEN_COMMA node_member

    YYTOKEN_COMMA  shift, and go to state 58


State 41

   33 node_members: node_member •

    $default  reduce using rule 33 (node_members)


State 42

   10 asset_member: YYTOKEN_COPYRIGHT YYTOKEN_COLON • string_value
   35 string_value: • YYTOKEN_STRING
   36             | • YYTOKEN_ASSET
   37             | • YYTOKEN_COPYRIGHT
   38             | • YYTOKEN_GENERATOR
   39             | • YYTOKEN_VERSION
   40             | • YYTOKEN_MINVERSION
   41             | • YYTOKEN_EXTENSIONS
   42             | • YYTOKEN_EXTRAS
   43             | • YYTOKEN_SCENES
   44             | • YYTOKEN_NODES
   45             | • YYTOKEN_NAME

    YYTOKEN_ASSET       shift, and go to state 59
    YYTOKEN_COPYRIGHT   shift, and go to state 60
    YYTOKEN_GENERATOR   shift, and go to state 61
    YYTOKEN_VERSION     shift, and go to state 62
    YYTOKEN_MINVERSION  shift, and go to state 63
    YYTOKEN_EXTENSIONS  shift, and go to state 64
    YYTOKEN_EXTRAS      shift, and go to state 65
    YYTOKEN_SCENES      shift, and go to state 66
    YYTOKEN_NODES       shift, and go to state 67
    YYTOKEN_NAME        shift, and go to state 68
    YYTOKEN_STRING      shift, and go to state 69

    string_value  go to state 70


State 43

   11 asset_member: YYTOKEN_GENERATOR YYTOKEN_COLON • string_value
   35 string_value: • YYTOKEN_STRING
   36             | • YYTOKEN_ASSET
   37             | • YYTOKEN_COPYRIGHT
   38             | • YYTOKEN_GENERATOR
   39             | • YYTOKEN_VERSION
   40             | • YYTOKEN_MINVERSION
   41             | • YYTOKEN_EXTENSIONS
   42             | • YYTOKEN_EXTRAS
   43             | • YYTOKEN_SCENES
   44             | • YYTOKEN_NODES
   45             | • YYTOKEN_NAME

    YYTOKEN_ASSET       shift, and go to state 59
    YYTOKEN_COPYRIGHT   shift, and go to state 60
    YYTOKEN_GENERATOR   shift, and go to state 61
    YYTOKEN_VERSION     shift, and go to state 62
    YYTOKEN_MINVERSION  shift, and go to state 63
    YYTOKEN_EXTENSIONS  shift, and go to state 64
    YYTOKEN_EXTRAS      shift, and go to state 65
    YYTOKEN_SCENES      shift, and go to state 66
    YYTOKEN_NODES       shift, and go to state 67
    YYTOKEN_NAME        shift, and go to state 68
    YYTOKEN_STRING      shift, and go to state 69

    string_value  go to state 71


State 44

   12 asset_member: YYTOKEN_VERSION YYTOKEN_COLON • string_value
   35 string_value: • YYTOKEN_STRING
   36             | • YYTOKEN_ASSET
   37             | • YYTOKEN_COPYRIGHT
   38             | • YYTOKEN_GENERATOR
   39             | • YYTOKEN_VERSION
   40             | • YYTOKEN_MINVERSION
   41             | • YYTOKEN_EXTENSIONS
   42             | • YYTOKEN_EXTRAS
   43             | • YYTOKEN_SCENES
   44             | • YYTOKEN_NODES
   45             | • YYTOKEN_NAME

    YYTOKEN_ASSET       shift, and go to state 59
    YYTOKEN_COPYRIGHT   shift, and go to state 60
    YYTOKEN_GENERATOR   shift, and go to state 61
    YYTOKEN_VERSION     shift, and go to state 62
    YYTOKEN_MINVERSION  shift, and go to state 63
    YYTOKEN_EXTENSIONS  shift, and go to state 64
    YYTOKEN_EXTRAS      shift, and go to state 65
    YYTOKEN_SCENES      shift, and go to state 66
    YYTOKEN_NODES       shift, and go to state 67
    YYTOKEN_NAME        shift, and go to state 68
    YYTOKEN_STRING      shift, and go to state 69

    string_value  go to state 72


State 45

   13 asset_member: YYTOKEN_MINVERSION YYTOKEN_COLON • string_value
   35 string_value: • YYTOKEN_STRING
   36             | • YYTOKEN_ASSET
   37             | • YYTOKEN_COPYRIGHT
   38             | • YYTOKEN_GENERATOR
   39             | • YYTOKEN_VERSION
   40             | • YYTOKEN_MINVERSION
   41             | • YYTOKEN_EXTENSIONS
   42             | • YYTOKEN_EXTRAS
   43             | • YYTOKEN_SCENES
   44             | • YYTOKEN_NODES
   45             | • YYTOKEN_NAME

    YYTOKEN_ASSET       shift, and go to state 59
    YYTOKEN_COPYRIGHT   shift, and go to state 60
    YYTOKEN_GENERATOR   shift, and go to state 61
    YYTOKEN_VERSION     shift, and go to state 62
    YYTOKEN_MINVERSION  shift, and go to state 63
    YYTOKEN_EXTENSIONS  shift, and go to state 64
    YYTOKEN_EXTRAS      shift, and go to state 65
    YYTOKEN_SCENES      shift, and go to state 66
    YYTOKEN_NODES       shift, and go to state 67
    YYTOKEN_NAME        shift, and go to state 68
    YYTOKEN_STRING      shift, and go to state 69

    string_value  go to state 73


State 46

   14 asset_member: YYTOKEN_EXTRAS YYTOKEN_COLON • json_value
   46 json_value: • json_object
   47           | • json_array
   48           | • YYTOKEN_STRING
   49           | • YYTOKEN_NUMBER_INT
   50           | • YYTOKEN_NUMBER_FLOAT
   51           | • YYTOKEN_TRUE
   52           | • YYTOKEN_FALSE
   53           | • YYTOKEN_NULL
   54 json_object: • YYTOKEN_LEFTBRACE json_members YYTOKEN_RIGHTBRACE
   55            | • YYTOKEN_LEFTBRACE YYTOKEN_RIGHTBRACE
   59 json_array: • YYTOKEN_LEFTBRACKET json_elements YYTOKEN_RIGHTBRACKET
   60           | • YYTOKEN_LEFTBRACKET YYTOKEN_RIGHTBRACKET

    YYTOKEN_TRUE          shift, and go to state 74
    YYTOKEN_FALSE         shift, and go to state 75
    YYTOKEN_NULL          shift, and go to state 76
    YYTOKEN_LEFTBRACE     shift, and go to state 77
    YYTOKEN_LEFTBRACKET   shift, and go to state 78
    YYTOKEN_STRING        shift, and go to state 79
    YYTOKEN_NUMBER_INT    shift, and go to state 80
    YYTOKEN_NUMBER_FLOAT  shift, and go to state 81

    json_value   go to state 82
    json_object  go to state 83
    json_array   go to state 84


State 47

    7 asset_object: YYTOKEN_LEFTBRACE asset_members YYTOKEN_RIGHTBRACE •

    $default  reduce using rule 7 (asset_object)


State 48

    8 asset_members: asset_members YYTOKEN_COMMA • asset_member
   10 asset_member: • YYTOKEN_COPYRIGHT YYTOKEN_COLON string_value
   11             | • YYTOKEN_GENERATOR YYTOKEN_COLON string_value
   12             | • YYTOKEN_VERSION YYTOKEN_COLON string_value
   13             | • YYTOKEN_MINVERSION YYTOKEN_COLON string_value
   14             | • YYTOKEN_EXTRAS YYTOKEN_COLON json_value

    YYTOKEN_COPYRIGHT   shift, and go to state 21
    YYTOKEN_GENERATOR   shift, and go to state 22
    YYTOKEN_VERSION     shift, and go to state 23
    YYTOKEN_MINVERSION  shift, and go to state 24
    YYTOKEN_EXTRAS      shift, and go to state 25

    asset_member  go to state 85


State 49

   27 scene_member: YYTOKEN_EXTRAS YYTOKEN_COLON • json_value
   46 json_value: • json_object
   47           | • json_array
   48           | • YYTOKEN_STRING
   49           | • YYTOKEN_NUMBER_INT
   50           | • YYTOKEN_NUMBER_FLOAT
   51           | • YYTOKEN_TRUE
   52           | • YYTOKEN_FALSE
   53           | • YYTOKEN_NULL
   54 json_object: • YYTOKEN_LEFTBRACE json_members YYTOKEN_RIGHTBRACE
   55            | • YYTOKEN_LEFTBRACE YYTOKEN_RIGHTBRACE
   59 json_array: • YYTOKEN_LEFTBRACKET json_elements YYTOKEN_RIGHTBRACKET
   60           | • YYTOKEN_LEFTBRACKET YYTOKEN_RIGHTBRACKET

    YYTOKEN_TRUE          shift, and go to state 74
    YYTOKEN_FALSE         shift, and go to state 75
    YYTOKEN_NULL          shift, and go to state 76
    YYTOKEN_LEFTBRACE     shift, and go to state 77
    YYTOKEN_LEFTBRACKET   shift, and go to state 78
    YYTOKEN_STRING        shift, and go to state 79
    YYTOKEN_NUMBER_INT    shift, and go to state 80
    YYTOKEN_NUMBER_FLOAT  shift, and go to state 81

    json_value   go to state 86
    json_object  go to state 83
    json_array   go to state 84


State 50

   21 scene_member: YYTOKEN_NODES YYTOKEN_COLON • scene_nodes
   22 scene_nodes: • YYTOKEN_LEFTBRACKET scene_root_node_indices YYTOKEN_RIGHTBRACKET
   23            | • YYTOKEN_LEFTBRACKET YYTOKEN_RIGHTBRACKET

    YYTOKEN_LEFTBRACKET  shift, and go to state 87

    scene_nodes  go to state 88


State 51

   26 scene_member: YYTOKEN_NAME YYTOKEN_COLON • string_value
   35 string_value: • YYTOKEN_STRING
   36             | • YYTOKEN_ASSET
   37             | • YYTOKEN_COPYRIGHT
   38             | • YYTOKEN_GENERATOR
   39             | • YYTOKEN_VERSION
   40             | • YYTOKEN_MINVERSION
   41             | • YYTOKEN_EXTENSIONS
   42             | • YYTOKEN_EXTRAS
   43             | • YYTOKEN_SCENES
   44             | • YYTOKEN_NODES
   45             | • YYTOKEN_NAME

    YYTOKEN_ASSET       shift, and go to state 59
    YYTOKEN_COPYRIGHT   shift, and go to state 60
    YYTOKEN_GENERATOR   shift, and go to state 61
    YYTOKEN_VERSION     shift, and go to state 62
    YYTOKEN_MINVERSION  shift, and go to state 63
    YYTOKEN_EXTENSIONS  shift, and go to state 64
    YYTOKEN_EXTRAS      shift, and go to state 65
    YYTOKEN_SCENES      shift, and go to state 66
    YYTOKEN_NODES       shift, and go to state 67
    YYTOKEN_NAME        shift, and go to state 68
    YYTOKEN_STRING      shift, and go to state 69

    string_value  go to state 89


State 52

   15 scenes_array: YYTOKEN_LEFTBRACKET scene_objects YYTOKEN_RIGHTBRACKET •

    $default  reduce using rule 15 (scenes_array)


State 53

   17 scene_objects: scene_objects YYTOKEN_COMMA • scene_object
   19 scene_object: • scene_members YYTOKEN_COMMA scene_member
   20 scene_members: • scene_member
   21 scene_member: • YYTOKEN_NODES YYTOKEN_COLON scene_nodes
   26             | • YYTOKEN_NAME YYTOKEN_COLON string_value
   27             | • YYTOKEN_EXTRAS YYTOKEN_COLON json_value

    YYTOKEN_EXTRAS  shift, and go to state 28
    YYTOKEN_NODES   shift, and go to state 29
    YYTOKEN_NAME    shift, and go to state 30

    scene_object   go to state 90
    scene_members  go to state 34
    scene_member   go to state 35


State 54

   19 scene_object: scene_members YYTOKEN_COMMA • scene_member
   21 scene_member: • YYTOKEN_NODES YYTOKEN_COLON scene_nodes
   26             | • YYTOKEN_NAME YYTOKEN_COLON string_value
   27             | • YYTOKEN_EXTRAS YYTOKEN_COLON json_value

    YYTOKEN_EXTRAS  shift, and go to state 28
    YYTOKEN_NODES   shift, and go to state 29
    YYTOKEN_NAME    shift, and go to state 30

    scene_member  go to state 91


State 55

   34 node_member: YYTOKEN_CAMERA YYTOKEN_COLON • YYTOKEN_NUMBER_INT

    YYTOKEN_NUMBER_INT  shift, and go to state 92


State 56

   28 nodes_array: YYTOKEN_LEFTBRACKET node_objects YYTOKEN_RIGHTBRACKET •

    $default  reduce using rule 28 (nodes_array)


State 57

   30 node_objects: node_objects YYTOKEN_COMMA • node_object
   32 node_object: • node_members YYTOKEN_COMMA node_member
   33 node_members: • node_member
   34 node_member: • YYTOKEN_CAMERA YYTOKEN_COLON YYTOKEN_NUMBER_INT

    YYTOKEN_CAMERA  shift, and go to state 36

    node_object   go to state 93
    node_members  go to state 40
    node_member   go to state 41


State 58

   32 node_object: node_members YYTOKEN_COMMA • node_member
   34 node_member: • YYTOKEN_CAMERA YYTOKEN_COLON YYTOKEN_NUMBER_INT

    YYTOKEN_CAMERA  shift, and go to state 36

    node_member  go to state 94


State 59

   36 string_value: YYTOKEN_ASSET •

    $default  reduce using rule 36 (string_value)


State 60

   37 string_value: YYTOKEN_COPYRIGHT •

    $default  reduce using rule 37 (string_value)


State 61

   38 string_value: YYTOKEN_GENERATOR •

    $default  reduce using rule 38 (string_value)


State 62

   39 string_value: YYTOKEN_VERSION •

    $default  reduce using rule 39 (string_value)


State 63

   40 string_value: YYTOKEN_MINVERSION •

    $default  reduce using rule 40 (string_value)


State 64

   41 string_value: YYTOKEN_EXTENSIONS •

    $default  reduce using rule 41 (string_value)


State 65

   42 string_value: YYTOKEN_EXTRAS •

    $default  reduce using rule 42 (string_value)


State 66

   43 string_value: YYTOKEN_SCENES •

    $default  reduce using rule 43 (string_value)


State 67

   44 string_value: YYTOKEN_NODES •

    $default  reduce using rule 44 (string_value)


State 68

   45 string_value: YYTOKEN_NAME •

    $default  reduce using rule 45 (string_value)


State 69

   35 string_value: YYTOKEN_STRING •

    $default  reduce using rule 35 (string_value)


State 70

   10 asset_member: YYTOKEN_COPYRIGHT YYTOKEN_COLON string_value •

    $default  reduce using rule 10 (asset_member)


State 71

   11 asset_member: YYTOKEN_GENERATOR YYTOKEN_COLON string_value •

    $default  reduce using rule 11 (asset_member)


State 72

   12 asset_member: YYTOKEN_VERSION YYTOKEN_COLON string_value •

    $default  reduce using rule 12 (asset_member)


State 73

   13 asset_member: YYTOKEN_MINVERSION YYTOKEN_COLON string_value •

    $default  reduce using rule 13 (asset_member)


State 74

   51 json_value: YYTOKEN_TRUE •

    $default  reduce using rule 51 (json_value)


State 75

   52 json_value: YYTOKEN_FALSE •

    $default  reduce using rule 52 (json_value)


State 76

   53 json_value: YYTOKEN_NULL •

    $default  reduce using rule 53 (json_value)


State 77

   54 json_object: YYTOKEN_LEFTBRACE • json_members YYTOKEN_RIGHTBRACE
   55            | YYTOKEN_LEFTBRACE • YYTOKEN_RIGHTBRACE
   56 json_members: • json_members YYTOKEN_COMMA json_member
   57             | • json_member
   58 json_member: • YYTOKEN_STRING YYTOKEN_COLON json_value

    YYTOKEN_RIGHTBRACE  shift, and go to state 95
    YYTOKEN_STRING      shift, and go to state 96

    json_members  go to state 97
    json_member   go to state 98


State 78

   46 json_value: • json_object
   47           | • json_array
   48           | • YYTOKEN_STRING
   49           | • YYTOKEN_NUMBER_INT
   50           | • YYTOKEN_NUMBER_FLOAT
   51           | • YYTOKEN_TRUE
   52           | • YYTOKEN_FALSE
   53           | • YYTOKEN_NULL
   54 json_object: • YYTOKEN_LEFTBRACE json_members YYTOKEN_RIGHTBRACE
   55            | • YYTOKEN_LEFTBRACE YYTOKEN_RIGHTBRACE
   59 json_array: • YYTOKEN_LEFTBRACKET json_elements YYTOKEN_RIGHTBRACKET
   59           | YYTOKEN_LEFTBRACKET • json_elements YYTOKEN_RIGHTBRACKET
   60           | • YYTOKEN_LEFTBRACKET YYTOKEN_RIGHTBRACKET
   60           | YYTOKEN_LEFTBRACKET • YYTOKEN_RIGHTBRACKET
   61 json_elements: • json_elements YYTOKEN_COMMA json_element
   62              | • json_element
   63 json_element: • json_value

    YYTOKEN_TRUE          shift, and go to state 74
    YYTOKEN_FALSE         shift, and go to state 75
    YYTOKEN_NULL          shift, and go to state 76
    YYTOKEN_LEFTBRACE     shift, and go to state 77
    YYTOKEN_LEFTBRACKET   shift, and go to state 78
    YYTOKEN_RIGHTBRACKET  shift, and go to state 99
    YYTOKEN_STRING        shift, and go to state 79
    YYTOKEN_NUMBER_INT    shift, and go to state 80
    YYTOKEN_NUMBER_FLOAT  shift, and go to state 81

    json_value     go to state 100
    json_object    go to state 83
    json_array     go to state 84
    json_elements  go to state 101
    json_element   go to state 102


State 79

   48 json_value: YYTOKEN_STRING •

    $default  reduce using rule 48 (json_value)


State 80

   49 json_value: YYTOKEN_NUMBER_INT •

    $default  reduce using rule 49 (json_value)


State 81

   50 json_value: YYTOKEN_NUMBER_FLOAT •

    $default  reduce using rule 50 (json_value)


State 82

   14 asset_member: YYTOKEN_EXTRAS YYTOKEN_COLON json_value •

    $default  reduce using rule 14 (asset_member)


State 83

   46 json_value: json_object •

    $default  reduce using rule 46 (json_value)


State 84

   47 json_value: json_array •

    $default  reduce using rule 47 (json_value)


State 85

    8 asset_members: asset_members YYTOKEN_COMMA asset_member •

    $default  reduce using rule 8 (asset_members)


State 86

   27 scene_member: YYTOKEN_EXTRAS YYTOKEN_COLON json_value •

    $default  reduce using rule 27 (scene_member)


State 87

   22 scene_nodes: YYTOKEN_LEFTBRACKET • scene_root_node_indices YYTOKEN_RIGHTBRACKET
   23            | YYTOKEN_LEFTBRACKET • YYTOKEN_RIGHTBRACKET
   24 scene_root_node_indices: • scene_root_node_indices YYTOKEN_COMMA YYTOKEN_NUMBER_INT
   25                        | • YYTOKEN_NUMBER_INT

    YYTOKEN_RIGHTBRACKET  shift, and go to state 103
    YYTOKEN_NUMBER_INT    shift, and go to state 104

    scene_root_node_indices  go to state 105


State 88

   21 scene_member: YYTOKEN_NODES YYTOKEN_COLON scene_nodes •

    $default  reduce using rule 21 (scene_member)


State 89

   26 scene_member: YYTOKEN_NAME YYTOKEN_COLON string_value •

    $default  reduce using rule 26 (scene_member)


State 90

   17 scene_objects: scene_objects YYTOKEN_COMMA scene_object •

    $default  reduce using rule 17 (scene_objects)


State 91

   19 scene_object: scene_members YYTOKEN_COMMA scene_member •

    $default  reduce using rule 19 (scene_object)


State 92

   34 node_member: YYTOKEN_CAMERA YYTOKEN_COLON YYTOKEN_NUMBER_INT •

    $default  reduce using rule 34 (node_member)


State 93

   30 node_objects: node_objects YYTOKEN_COMMA node_object •

    $default  reduce using rule 30 (node_objects)


State 94

   32 node_object: node_members YYTOKEN_COMMA node_member •

    $default  reduce using rule 32 (node_object)


State 95

   55 json_object: YYTOKEN_LEFTBRACE YYTOKEN_RIGHTBRACE •

    $default  reduce using rule 55 (json_object)


State 96

   58 json_member: YYTOKEN_STRING • YYTOKEN_COLON json_value

    YYTOKEN_COLON  shift, and go to state 106


State 97

   54 json_object: YYTOKEN_LEFTBRACE json_members • YYTOKEN_RIGHTBRACE
   56 json_members: json_members • YYTOKEN_COMMA json_member

    YYTOKEN_RIGHTBRACE  shift, and go to state 107
    YYTOKEN_COMMA       shift, and go to state 108


State 98

   57 json_members: json_member •

    $default  reduce using rule 57 (json_members)


State 99

   60 json_array: YYTOKEN_LEFTBRACKET YYTOKEN_RIGHTBRACKET •

    $default  reduce using rule 60 (json_array)


State 100

   63 json_element: json_value •

    $default  reduce using rule 63 (json_element)


State 101

   59 json_array: YYTOKEN_LEFTBRACKET json_elements • YYTOKEN_RIGHTBRACKET
   61 json_elements: json_elements • YYTOKEN_COMMA json_element

    YYTOKEN_RIGHTBRACKET  shift, and go to state 109
    YYTOKEN_COMMA         shift, and go to state 110


State 102

   62 json_elements: json_element •

    $default  reduce using rule 62 (json_elements)


State 103

   23 scene_nodes: YYTOKEN_LEFTBRACKET YYTOKEN_RIGHTBRACKET •

    $default  reduce using rule 23 (scene_nodes)


State 104

   25 scene_root_node_indices: YYTOKEN_NUMBER_INT •

    $default  reduce using rule 25 (scene_root_node_indices)


State 105

   22 scene_nodes: YYTOKEN_LEFTBRACKET scene_root_node_indices • YYTOKEN_RIGHTBRACKET
   24 scene_root_node_indices: scene_root_node_indices • YYTOKEN_COMMA YYTOKEN_NUMBER_INT

    YYTOKEN_RIGHTBRACKET  shift, and go to state 111
    YYTOKEN_COMMA         shift, and go to state 112


State 106

   46 json_value: • json_object
   47           | • json_array
   48           | • YYTOKEN_STRING
   49           | • YYTOKEN_NUMBER_INT
   50           | • YYTOKEN_NUMBER_FLOAT
   51           | • YYTOKEN_TRUE
   52           | • YYTOKEN_FALSE
   53           | • YYTOKEN_NULL
   54 json_object: • YYTOKEN_LEFTBRACE json_members YYTOKEN_RIGHTBRACE
   55            | • YYTOKEN_LEFTBRACE YYTOKEN_RIGHTBRACE
   58 json_member: YYTOKEN_STRING YYTOKEN_COLON • json_value
   59 json_array: • YYTOKEN_LEFTBRACKET json_elements YYTOKEN_RIGHTBRACKET
   60           | • YYTOKEN_LEFTBRACKET YYTOKEN_RIGHTBRACKET

    YYTOKEN_TRUE          shift, and go to state 74
    YYTOKEN_FALSE         shift, and go to state 75
    YYTOKEN_NULL          shift, and go to state 76
    YYTOKEN_LEFTBRACE     shift, and go to state 77
    YYTOKEN_LEFTBRACKET   shift, and go to state 78
    YYTOKEN_STRING        shift, and go to state 79
    YYTOKEN_NUMBER_INT    shift, and go to state 80
    YYTOKEN_NUMBER_FLOAT  shift, and go to state 81

    json_value   go to state 113
    json_object  go to state 83
    json_array   go to state 84


State 107

   54 json_object: YYTOKEN_LEFTBRACE json_members YYTOKEN_RIGHTBRACE •

    $default  reduce using rule 54 (json_object)


State 108

   56 json_members: json_members YYTOKEN_COMMA • json_member
   58 json_member: • YYTOKEN_STRING YYTOKEN_COLON json_value

    YYTOKEN_STRING  shift, and go to state 96

    json_member  go to state 114


State 109

   59 json_array: YYTOKEN_LEFTBRACKET json_elements YYTOKEN_RIGHTBRACKET •

    $default  reduce using rule 59 (json_array)


State 110

   46 json_value: • json_object
   47           | • json_array
   48           | • YYTOKEN_STRING
   49           | • YYTOKEN_NUMBER_INT
   50           | • YYTOKEN_NUMBER_FLOAT
   51           | • YYTOKEN_TRUE
   52           | • YYTOKEN_FALSE
   53           | • YYTOKEN_NULL
   54 json_object: • YYTOKEN_LEFTBRACE json_members YYTOKEN_RIGHTBRACE
   55            | • YYTOKEN_LEFTBRACE YYTOKEN_RIGHTBRACE
   59 json_array: • YYTOKEN_LEFTBRACKET json_elements YYTOKEN_RIGHTBRACKET
   60           | • YYTOKEN_LEFTBRACKET YYTOKEN_RIGHTBRACKET
   61 json_elements: json_elements YYTOKEN_COMMA • json_element
   63 json_element: • json_value

    YYTOKEN_TRUE          shift, and go to state 74
    YYTOKEN_FALSE         shift, and go to state 75
    YYTOKEN_NULL          shift, and go to state 76
    YYTOKEN_LEFTBRACE     shift, and go to state 77
    YYTOKEN_LEFTBRACKET   shift, and go to state 78
    YYTOKEN_STRING        shift, and go to state 79
    YYTOKEN_NUMBER_INT    shift, and go to state 80
    YYTOKEN_NUMBER_FLOAT  shift, and go to state 81

    json_value    go to state 100
    json_object   go to state 83
    json_array    go to state 84
    json_element  go to state 115


State 111

   22 scene_nodes: YYTOKEN_LEFTBRACKET scene_root_node_indices YYTOKEN_RIGHTBRACKET •

    $default  reduce using rule 22 (scene_nodes)


State 112

   24 scene_root_node_indices: scene_root_node_indices YYTOKEN_COMMA • YYTOKEN_NUMBER_INT

    YYTOKEN_NUMBER_INT  shift, and go to state 116


State 113

   58 json_member: YYTOKEN_STRING YYTOKEN_COLON json_value •

    $default  reduce using rule 58 (json_member)


State 114

   56 json_members: json_members YYTOKEN_COMMA json_member •

    $default  reduce using rule 56 (json_members)


State 115

   61 json_elements: json_elements YYTOKEN_COMMA json_element •

    $default  reduce using rule 61 (json_elements)


State 116

   24 scene_root_node_indices: scene_root_node_indices YYTOKEN_COMMA YYTOKEN_NUMBER_INT •

    $default  reduce using rule 24 (scene_root_node_indices)
